<?xml version="1.0" encoding="UTF-8"?>
<!-- Generated by org.testng.reporters.JUnitReportReporter -->
<testsuite name="Guru.Guru.LoginTestCase" tests="1" time="32.461" ignored="0" failures="0" timestamp="24 Apr 2018 10:53:43 GMT" skipped="0" hostname="hp" errors="0">
  <testcase name="loginTest" time="32.461" classname="Guru.Guru.LoginTestCase"/>
</testsuite> <!-- Guru.Guru.LoginTestCase -->
