<?xml version="1.0" encoding="UTF-8"?>
<!-- Generated by org.testng.reporters.JUnitReportReporter -->
<testsuite name="Guru.LoginTestCase" tests="1" time="17.228" ignored="0" failures="0" timestamp="24 Apr 2018 15:10:20 GMT" skipped="0" hostname="hp" errors="0">
  <testcase name="loginTest" time="17.228" classname="Guru.LoginTestCase"/>
</testsuite> <!-- Guru.LoginTestCase -->
