<?xml version="1.0" encoding="UTF-8"?>
<!-- Generated by org.testng.reporters.JUnitReportReporter -->
<testsuite name="Guru.DashBoardTest" tests="1" time="27.600" ignored="0" failures="0" timestamp="24 Apr 2018 15:10:20 GMT" skipped="0" hostname="hp" errors="0">
  <testcase name="dashboardTest" time="27.600" classname="Guru.DashBoardTest"/>
</testsuite> <!-- Guru.DashBoardTest -->
