<?xml version="1.0" encoding="UTF-8"?>
<!-- Generated by org.testng.reporters.JUnitReportReporter -->
<testsuite name="Guru.Guru.DashBoardTest" tests="1" time="13.935" ignored="0" failures="0" timestamp="24 Apr 2018 14:12:46 GMT" skipped="0" hostname="hp" errors="0">
  <testcase name="dashboardTest" time="13.935" classname="Guru.Guru.DashBoardTest"/>
</testsuite> <!-- Guru.Guru.DashBoardTest -->
