<?xml version="1.0" encoding="UTF-8"?>
<!-- Generated by org.testng.reporters.JUnitReportReporter -->
<testsuite hostname="hp" name="org.qa.adactin.testcases.LoginPage" tests="1" failures="0" timestamp="16 Apr 2018 17:26:03 GMT" time="22.337" errors="0">
  <testcase name="LoginPageTest" time="22.337" classname="org.qa.adactin.testcases.LoginPage"/>
</testsuite> <!-- org.qa.adactin.testcases.LoginPage -->
